Arguments: 
  /usr/bin/node /usr/bin/yarn

PATH: 
  /home/holbrook/.cargo/bin:/home/holbrook/.local/bin:/usr/local/sbin:/usr/local/bin:/usr/sbin:/usr/bin:/sbin:/bin:/usr/games:/usr/local/games:/mnt/c/PROGRA~1/ConEmu/ConEmu/wsl:/mnt/c/Program Files/ConEmu/ConEmu/Scripts:/mnt/c/Program Files/ConEmu:/mnt/c/Program Files/ConEmu/ConEmu:/mnt/d/Apps/Python36/Scripts:/mnt/d/Apps/Python36:/mnt/c/Windows/system32:/mnt/c/Windows:/mnt/c/Windows/System32/Wbem:/mnt/c/Windows/System32/WindowsPowerShell/v1.0:/mnt/c/Windows/System32/OpenSSH:/mnt/c/Program Files (x86)/NVIDIA Corporation/PhysX/Common:/mnt/c/Program Files/NVIDIA Corporation/NVIDIA NvDLISR:/mnt/c/Program Files/dotnet:/mnt/c/Program Files/Microsoft SQL Server/110/Tools/Binn:/mnt/c/Users/Holbrook/.cargo/bin:/mnt/c/Users/Holbrook/AppData/Local/Microsoft/WindowsApps:/mnt/c/Users/Holbrook/AppData/Local/Programs/Microsoft VS Code/bin:/mnt/c/Wind/Wind.NET.Client/WindNET/bin:/mnt/c/Wind/Wind.NET.Client/WindNET/x64:/snap/bin:/home/holbrook/.dotnet/tools:/usr/local/go/bin:/mnt/c/Users/Holbrook/Documents/go/bin

Yarn version: 
  1.22.4

Node version: 
  10.19.0

Platform: 
  linux x64

Trace: 
  Error: getaddrinfo EAI_AGAIN registry.npmjs.org registry.npmjs.org:443
      at GetAddrInfoReqWrap.onlookup [as oncomplete] (dns.js:56:26)

npm manifest: 
  {
    "name": "ffi-demo",
    "version": "1.0.0",
    "main": "index.js",
    "scripts": {
      "test": "echo \"Error: no test specified\" && exit 1"
    },
    "keywords": [],
    "author": "",
    "license": "ISC",
    "dependencies": {
      "ffi": "^2.3.0"
    },
    "description": ""
  }

yarn manifest: 
  No manifest

Lockfile: 
  No lockfile
